[INFO] Scanning for projects...
[INFO] 
[INFO] --------------------------< com.loan:system >---------------------------
[INFO] Building Intelligent Loan Default Prediction System 0.0.1-SNAPSHOT
[INFO]   from pom.xml
[INFO] --------------------------------[ jar ]---------------------------------
[INFO] 
[INFO] --- resources:3.3.1:resources (default-resources) @ system ---
[INFO] Copying 1 resource from src\main\resources to target\classes
[INFO] Copying 0 resource from src\main\resources to target\classes
[INFO] 
[INFO] --- compiler:3.11.0:compile (default-compile) @ system ---
[INFO] Changes detected - recompiling the module! :source
[INFO] Compiling 13 source files with javac [debug release 17] to target\classes
[INFO] /C:/Users/RahilN/Desktop/Intelligent Loan Default Prediction System/backend/src/main/java/com/loan/system/service/MLIntegrationService.java: C:\Users\RahilN\Desktop\Intelligent Loan Default Prediction System\backend\src\main\java\com\loan\system\service\MLIntegrationService.java uses unchecked or unsafe operations.
[INFO] /C:/Users/RahilN/Desktop/Intelligent Loan Default Prediction System/backend/src/main/java/com/loan/system/service/MLIntegrationService.java: Recompile with -Xlint:unchecked for details.
[INFO] -------------------------------------------------------------
[ERROR] COMPILATION ERROR : 
[INFO] -------------------------------------------------------------
[ERROR] /C:/Users/RahilN/Desktop/Intelligent Loan Default Prediction System/backend/src/main/java/com/loan/system/service/MLIntegrationService.java:[31,39] cannot find symbol
  symbol:   method getAge()
  location: variable application of type com.loan.system.model.LoanApplication
[ERROR] /C:/Users/RahilN/Desktop/Intelligent Loan Default Prediction System/backend/src/main/java/com/loan/system/service/MLIntegrationService.java:[32,42] cannot find symbol
  symbol:   method getIncome()
  location: variable application of type com.loan.system.model.LoanApplication
[ERROR] /C:/Users/RahilN/Desktop/Intelligent Loan Default Prediction System/backend/src/main/java/com/loan/system/service/MLIntegrationService.java:[33,47] cannot find symbol
  symbol:   method getLoanAmount()
  location: variable application of type com.loan.system.model.LoanApplication
[ERROR] /C:/Users/RahilN/Desktop/Intelligent Loan Default Prediction System/backend/src/main/java/com/loan/system/service/MLIntegrationService.java:[34,48] cannot find symbol
  symbol:   method getCreditScore()
  location: variable application of type com.loan.system.model.LoanApplication
[ERROR] /C:/Users/RahilN/Desktop/Intelligent Loan Default Prediction System/backend/src/main/java/com/loan/system/service/MLIntegrationService.java:[35,51] cannot find symbol
  symbol:   method getMonthsEmployed()
  location: variable application of type com.loan.system.model.LoanApplication
[ERROR] /C:/Users/RahilN/Desktop/Intelligent Loan Default Prediction System/backend/src/main/java/com/loan/system/service/MLIntegrationService.java:[36,52] cannot find symbol
  symbol:   method getNumCreditLines()
  location: variable application of type com.loan.system.model.LoanApplication
[ERROR] /C:/Users/RahilN/Desktop/Intelligent Loan Default Prediction System/backend/src/main/java/com/loan/system/service/MLIntegrationService.java:[37,49] cannot find symbol
  symbol:   method getInterestRate()
  location: variable application of type com.loan.system.model.LoanApplication
[ERROR] /C:/Users/RahilN/Desktop/Intelligent Loan Default Prediction System/backend/src/main/java/com/loan/system/service/MLIntegrationService.java:[38,45] cannot find symbol
  symbol:   method getLoanTerm()
  location: variable application of type com.loan.system.model.LoanApplication
[ERROR] /C:/Users/RahilN/Desktop/Intelligent Loan Default Prediction System/backend/src/main/java/com/loan/system/service/MLIntegrationService.java:[39,45] cannot find symbol
  symbol:   method getDtiRatio()
  location: variable application of type com.loan.system.model.LoanApplication
[ERROR] /C:/Users/RahilN/Desktop/Intelligent Loan Default Prediction System/backend/src/main/java/com/loan/system/service/MLIntegrationService.java:[52,27] cannot find symbol
  symbol:   method setApplication(com.loan.system.model.LoanApplication)
  location: variable prediction of type com.loan.system.model.RiskPrediction
[ERROR] /C:/Users/RahilN/Desktop/Intelligent Loan Default Prediction System/backend/src/main/java/com/loan/system/service/MLIntegrationService.java:[53,27] cannot find symbol
  symbol:   method setDefaultProbability(java.lang.Double)
  location: variable prediction of type com.loan.system.model.RiskPrediction
[ERROR] /C:/Users/RahilN/Desktop/Intelligent Loan Default Prediction System/backend/src/main/java/com/loan/system/service/MLIntegrationService.java:[54,27] cannot find symbol
  symbol:   method setRiskLevel(java.lang.String)
  location: variable prediction of type com.loan.system.model.RiskPrediction
[ERROR] /C:/Users/RahilN/Desktop/Intelligent Loan Default Prediction System/backend/src/main/java/com/loan/system/service/MLIntegrationService.java:[58,27] cannot find symbol
  symbol:   method setExplanation(explanatio[...] "{}")
  location: variable prediction of type com.loan.system.model.RiskPrediction
[ERROR] /C:/Users/RahilN/Desktop/Intelligent Loan Default Prediction System/backend/src/main/java/com/loan/system/controller/AuthController.java:[19,44] cannot find symbol
  symbol:   method getUsername()
  location: variable user of type com.loan.system.model.User
[ERROR] /C:/Users/RahilN/Desktop/Intelligent Loan Default Prediction System/backend/src/main/java/com/loan/system/controller/AuthController.java:[28,60] cannot find symbol
  symbol:   method getUsername()
  location: variable user of type com.loan.system.model.User
[ERROR] /C:/Users/RahilN/Desktop/Intelligent Loan Default Prediction System/backend/src/main/java/com/loan/system/controller/AuthController.java:[29,49] cannot find symbol
  symbol:   method getPassword()
  location: variable existingUser of type com.loan.system.model.User
[ERROR] /C:/Users/RahilN/Desktop/Intelligent Loan Default Prediction System/backend/src/main/java/com/loan/system/controller/AuthController.java:[29,75] cannot find symbol
  symbol:   method getPassword()
  location: variable user of type com.loan.system.model.User
[ERROR] /C:/Users/RahilN/Desktop/Intelligent Loan Default Prediction System/backend/src/main/java/com/loan/system/service/UserService.java:[18,53] cannot find symbol
  symbol:   method getPassword()
  location: variable user of type com.loan.system.model.User
[ERROR] /C:/Users/RahilN/Desktop/Intelligent Loan Default Prediction System/backend/src/main/java/com/loan/system/service/UserService.java:[19,13] cannot find symbol
  symbol:   method setRole(java.lang.String)
  location: variable user of type com.loan.system.model.User
[ERROR] /C:/Users/RahilN/Desktop/Intelligent Loan Default Prediction System/backend/src/main/java/com/loan/system/controller/LoanController.java:[30,20] cannot find symbol
  symbol:   method setUser(com.loan.system.model.User)
  location: variable application of type com.loan.system.model.LoanApplication
[ERROR] /C:/Users/RahilN/Desktop/Intelligent Loan Default Prediction System/backend/src/main/java/com/loan/system/controller/LoanController.java:[40,65] cannot find symbol
  symbol:   method getId()
  location: variable user of type com.loan.system.model.User
[INFO] 21 errors 
[INFO] -------------------------------------------------------------
[INFO] ------------------------------------------------------------------------
[INFO] BUILD FAILURE
[INFO] ------------------------------------------------------------------------
[INFO] Total time:  3.693 s
[INFO] Finished at: 2025-11-26T11:57:27+05:30
[INFO] ------------------------------------------------------------------------
[ERROR] Failed to execute goal org.apache.maven.plugins:maven-compiler-plugin:3.11.0:compile (default-compile) on project system: Compilation failure: Compilation failure: 
[ERROR] /C:/Users/RahilN/Desktop/Intelligent Loan Default Prediction System/backend/src/main/java/com/loan/system/service/MLIntegrationService.java:[31,39] cannot find symbol
[ERROR]   symbol:   method getAge()
[ERROR]   location: variable application of type com.loan.system.model.LoanApplication
[ERROR] /C:/Users/RahilN/Desktop/Intelligent Loan Default Prediction System/backend/src/main/java/com/loan/system/service/MLIntegrationService.java:[32,42] cannot find symbol
[ERROR]   symbol:   method getIncome()
[ERROR]   location: variable application of type com.loan.system.model.LoanApplication
[ERROR] /C:/Users/RahilN/Desktop/Intelligent Loan Default Prediction System/backend/src/main/java/com/loan/system/service/MLIntegrationService.java:[33,47] cannot find symbol
[ERROR]   symbol:   method getLoanAmount()
[ERROR]   location: variable application of type com.loan.system.model.LoanApplication
[ERROR] /C:/Users/RahilN/Desktop/Intelligent Loan Default Prediction System/backend/src/main/java/com/loan/system/service/MLIntegrationService.java:[34,48] cannot find symbol
[ERROR]   symbol:   method getCreditScore()
[ERROR]   location: variable application of type com.loan.system.model.LoanApplication
[ERROR] /C:/Users/RahilN/Desktop/Intelligent Loan Default Prediction System/backend/src/main/java/com/loan/system/service/MLIntegrationService.java:[35,51] cannot find symbol
[ERROR]   symbol:   method getMonthsEmployed()
[ERROR]   location: variable application of type com.loan.system.model.LoanApplication
[ERROR] /C:/Users/RahilN/Desktop/Intelligent Loan Default Prediction System/backend/src/main/java/com/loan/system/service/MLIntegrationService.java:[36,52] cannot find symbol
[ERROR]   symbol:   method getNumCreditLines()
[ERROR]   location: variable application of type com.loan.system.model.LoanApplication
[ERROR] /C:/Users/RahilN/Desktop/Intelligent Loan Default Prediction System/backend/src/main/java/com/loan/system/service/MLIntegrationService.java:[37,49] cannot find symbol
[ERROR]   symbol:   method getInterestRate()
[ERROR]   location: variable application of type com.loan.system.model.LoanApplication
[ERROR] /C:/Users/RahilN/Desktop/Intelligent Loan Default Prediction System/backend/src/main/java/com/loan/system/service/MLIntegrationService.java:[38,45] cannot find symbol
[ERROR]   symbol:   method getLoanTerm()
[ERROR]   location: variable application of type com.loan.system.model.LoanApplication
[ERROR] /C:/Users/RahilN/Desktop/Intelligent Loan Default Prediction System/backend/src/main/java/com/loan/system/service/MLIntegrationService.java:[39,45] cannot find symbol
[ERROR]   symbol:   method getDtiRatio()
[ERROR]   location: variable application of type com.loan.system.model.LoanApplication
[ERROR] /C:/Users/RahilN/Desktop/Intelligent Loan Default Prediction System/backend/src/main/java/com/loan/system/service/MLIntegrationService.java:[52,27] cannot find symbol
[ERROR]   symbol:   method setApplication(com.loan.system.model.LoanApplication)
[ERROR]   location: variable prediction of type com.loan.system.model.RiskPrediction
[ERROR] /C:/Users/RahilN/Desktop/Intelligent Loan Default Prediction System/backend/src/main/java/com/loan/system/service/MLIntegrationService.java:[53,27] cannot find symbol
[ERROR]   symbol:   method setDefaultProbability(java.lang.Double)
[ERROR]   location: variable prediction of type com.loan.system.model.RiskPrediction
[ERROR] /C:/Users/RahilN/Desktop/Intelligent Loan Default Prediction System/backend/src/main/java/com/loan/system/service/MLIntegrationService.java:[54,27] cannot find symbol
[ERROR]   symbol:   method setRiskLevel(java.lang.String)
[ERROR]   location: variable prediction of type com.loan.system.model.RiskPrediction
[ERROR] /C:/Users/RahilN/Desktop/Intelligent Loan Default Prediction System/backend/src/main/java/com/loan/system/service/MLIntegrationService.java:[58,27] cannot find symbol
[ERROR]   symbol:   method setExplanation(explanatio[...] "{}")
[ERROR]   location: variable prediction of type com.loan.system.model.RiskPrediction
[ERROR] /C:/Users/RahilN/Desktop/Intelligent Loan Default Prediction System/backend/src/main/java/com/loan/system/controller/AuthController.java:[19,44] cannot find symbol
[ERROR]   symbol:   method getUsername()
[ERROR]   location: variable user of type com.loan.system.model.User
[ERROR] /C:/Users/RahilN/Desktop/Intelligent Loan Default Prediction System/backend/src/main/java/com/loan/system/controller/AuthController.java:[28,60] cannot find symbol
[ERROR]   symbol:   method getUsername()
[ERROR]   location: variable user of type com.loan.system.model.User
[ERROR] /C:/Users/RahilN/Desktop/Intelligent Loan Default Prediction System/backend/src/main/java/com/loan/system/controller/AuthController.java:[29,49] cannot find symbol
[ERROR]   symbol:   method getPassword()
[ERROR]   location: variable existingUser of type com.loan.system.model.User
[ERROR] /C:/Users/RahilN/Desktop/Intelligent Loan Default Prediction System/backend/src/main/java/com/loan/system/controller/AuthController.java:[29,75] cannot find symbol
[ERROR]   symbol:   method getPassword()
[ERROR]   location: variable user of type com.loan.system.model.User
[ERROR] /C:/Users/RahilN/Desktop/Intelligent Loan Default Prediction System/backend/src/main/java/com/loan/system/service/UserService.java:[18,53] cannot find symbol
[ERROR]   symbol:   method getPassword()
[ERROR]   location: variable user of type com.loan.system.model.User
[ERROR] /C:/Users/RahilN/Desktop/Intelligent Loan Default Prediction System/backend/src/main/java/com/loan/system/service/UserService.java:[19,13] cannot find symbol
[ERROR]   symbol:   method setRole(java.lang.String)
[ERROR]   location: variable user of type com.loan.system.model.User
[ERROR] /C:/Users/RahilN/Desktop/Intelligent Loan Default Prediction System/backend/src/main/java/com/loan/system/controller/LoanController.java:[30,20] cannot find symbol
[ERROR]   symbol:   method setUser(com.loan.system.model.User)
[ERROR]   location: variable application of type com.loan.system.model.LoanApplication
[ERROR] /C:/Users/RahilN/Desktop/Intelligent Loan Default Prediction System/backend/src/main/java/com/loan/system/controller/LoanController.java:[40,65] cannot find symbol
[ERROR]   symbol:   method getId()
[ERROR]   location: variable user of type com.loan.system.model.User
[ERROR] -> [Help 1]
[ERROR] 
[ERROR] To see the full stack trace of the errors, re-run Maven with the -e switch.
[ERROR] Re-run Maven using the -X switch to enable full debug logging.
[ERROR] 
[ERROR] For more information about the errors and possible solutions, please read the following articles:
[ERROR] [Help 1] http://cwiki.apache.org/confluence/display/MAVEN/MojoFailureException
